<?xml version="1.0" encoding="UTF-8"?>
<!-- Generated by org.testng.reporters.JUnitXMLReporter -->
<testsuite ignored="2" hostname="DESKTOP-AON28TC" failures="0" tests="5" name="Test" time="0.128" errors="0" timestamp="2022-08-13T15:03:40 IST">
  <testcase classname="tests.BaseTest" name="@BeforeSuite init" time="17.836">
    <failure type="java.lang.NullPointerException">
      <![CDATA[java.lang.NullPointerException
at java.base/java.io.FileInputStream.<init>(FileInputStream.java:149)
at java.base/java.io.FileInputStream.<init>(FileInputStream.java:111)
at tests.BaseTest.init(BaseTest.java:39)
... Removed 19 stack frames]]>
    </failure>
  </testcase> <!-- @BeforeSuite init -->
  <testcase classname="tests.LoginTest" name="@BeforeClass initObject" time="0.0">
    <skipped/>
  </testcase> <!-- @BeforeClass initObject -->
  <testcase classname="tests.HomePageTest" name="@BeforeClass initObject" time="0.0">
    <skipped/>
  </testcase> <!-- @BeforeClass initObject -->
  <testcase classname="tests.LoginTest" name="verifybuttontext" time="0.0">
    <skipped/>
  </testcase> <!-- verifybuttontext -->
  <testcase classname="tests.LoginTest" name="login" time="0.0">
    <skipped/>
  </testcase> <!-- login -->
  <testcase classname="tests.HomePageTest" name="goToTab" time="0.0">
    <skipped/>
  </testcase> <!-- goToTab -->
  <testcase classname="tests.HomePageTest" name="logout" time="0.0">
    <skipped/>
  </testcase> <!-- logout -->
  <testcase classname="tests.HomePageTest" name="verifyTitle" time="0.0">
    <skipped/>
  </testcase> <!-- verifyTitle -->
  <testcase classname="tests.BaseTest" name="@AfterSuite tearDown" time="0.0">
    <ignored/>
  </testcase> <!-- @AfterSuite tearDown -->
  <testcase classname="tests.BaseTest" name="@BeforeSuite init" time="0.0">
    <ignored/>
  </testcase> <!-- @BeforeSuite init -->
</testsuite> <!-- Test -->
